<?xml version="1.0" encoding="UTF-8"?>
<!-- Generated by org.testng.reporters.JUnitReportReporter -->
<testsuite hostname="INLSWAT9C0" failures="0" tests="1" name="Test.Test1_GoogleSearch2_TestNG" time="3.560" errors="0" timestamp="2024-03-11T11:54:23 IST" skipped="0">
  <testcase classname="Test.Test1_GoogleSearch2_TestNG" name="googleSearch" time="3.560"/>
</testsuite> <!-- Test.Test1_GoogleSearch2_TestNG -->
