<?xml version="1.0" encoding="UTF-8"?>
<!-- Generated by org.testng.reporters.JUnitReportReporter -->
<testsuite hostname="INLSWAT9C0" failures="0" tests="2" name="Test.ExtentReportwithTestNG" time="1.699" errors="0" timestamp="2024-03-08T12:44:23 IST" skipped="0">
  <testcase classname="Test.ExtentReportwithTestNG" name="test3" time="0.003"/>
  <testcase classname="Test.ExtentReportwithTestNG" name="test1" time="1.696"/>
</testsuite> <!-- Test.ExtentReportwithTestNG -->
