<?xml version="1.0" encoding="UTF-8"?>
<!-- Generated by org.testng.reporters.JUnitReportReporter -->
<testsuite hostname="INLSWAT9C0" failures="0" tests="1" name="Test.Test1_GoogleSearch2_TestNG2" time="3.395" errors="0" timestamp="2024-03-08T12:44:23 IST" skipped="0">
  <testcase classname="Test.Test1_GoogleSearch2_TestNG2" name="googleSearch" time="3.395"/>
</testsuite> <!-- Test.Test1_GoogleSearch2_TestNG2 -->
