<?xml version="1.0" encoding="UTF-8"?>
<!-- Generated by org.testng.reporters.JUnitReportReporter -->
<testsuite hostname="INLSWAT9C0" failures="0" tests="1" name="Test.Test1_GoogleSearch2_TestNG" time="5.413" errors="0" timestamp="2024-03-13T16:55:59 IST" skipped="0">
  <testcase classname="Test.Test1_GoogleSearch2_TestNG" name="googleSearch" time="5.413"/>
</testsuite> <!-- Test.Test1_GoogleSearch2_TestNG -->
